<?xml version="1.0" encoding="UTF-8"?>
<!-- Generated by org.testng.reporters.JUnitXMLReporter -->
<testsuite hostname="DESKTOP-SRN6HAV" ignored="0" name="Test" tests="5" failures="0" timestamp="2022-04-26T23:18:35 IST" time="48.876" errors="0">
  <testcase name="OpenCrome" time="14.417" classname="calcultor_operation.Calculator"/>
  <testcase name="Addition" time="16.413" classname="calcultor_operation.Calculator"/>
  <testcase name="Multiplication" time="6.359" classname="calcultor_operation.Calculator"/>
  <testcase name="Division" time="3.844" classname="calcultor_operation.Calculator"/>
  <testcase name="subtraction" time="7.562" classname="calcultor_operation.Calculator"/>
</testsuite> <!-- Test -->
