<?xml version="1.0" encoding="UTF-8"?>
<testng-results skipped="0" failed="0" ignored="0" total="5" passed="5">
  <reporter-output>
  </reporter-output>
  <suite name="Suite" duration-ms="48876" started-at="2022-04-26T23:17:46 IST" finished-at="2022-04-26T23:18:35 IST">
    <groups>
    </groups>
    <test name="Test" duration-ms="48876" started-at="2022-04-26T23:17:46 IST" finished-at="2022-04-26T23:18:35 IST">
      <class name="calcultor_operation.Calculator">
        <test-method status="PASS" signature="OpenCrome()[pri:0, instance:calcultor_operation.Calculator@67205a84]" name="OpenCrome" duration-ms="14417" started-at="2022-04-26T23:17:46 IST" finished-at="2022-04-26T23:18:01 IST">
          <reporter-output>
          </reporter-output>
        </test-method> <!-- OpenCrome -->
        <test-method status="PASS" signature="Addition()[pri:1, instance:calcultor_operation.Calculator@67205a84]" name="Addition" duration-ms="16413" started-at="2022-04-26T23:18:01 IST" finished-at="2022-04-26T23:18:17 IST">
          <reporter-output>
          </reporter-output>
        </test-method> <!-- Addition -->
        <test-method status="PASS" signature="Multiplication()[pri:2, instance:calcultor_operation.Calculator@67205a84]" name="Multiplication" duration-ms="6359" started-at="2022-04-26T23:18:17 IST" finished-at="2022-04-26T23:18:23 IST">
          <reporter-output>
          </reporter-output>
        </test-method> <!-- Multiplication -->
        <test-method status="PASS" signature="Division()[pri:3, instance:calcultor_operation.Calculator@67205a84]" name="Division" duration-ms="3844" started-at="2022-04-26T23:18:23 IST" finished-at="2022-04-26T23:18:27 IST">
          <reporter-output>
          </reporter-output>
        </test-method> <!-- Division -->
        <test-method status="PASS" signature="subtraction()[pri:4, instance:calcultor_operation.Calculator@67205a84]" name="subtraction" duration-ms="7562" started-at="2022-04-26T23:18:27 IST" finished-at="2022-04-26T23:18:35 IST">
          <reporter-output>
          </reporter-output>
        </test-method> <!-- subtraction -->
      </class> <!-- calcultor_operation.Calculator -->
    </test> <!-- Test -->
  </suite> <!-- Suite -->
</testng-results>
